[2025-05-05T09:14:27.115Z] [INFO] 正在加载环境变量...
[2025-05-05T09:14:27.117Z] [ERROR] 缺少环境变量 FAL_API_KEY
[2025-05-05T09:14:52.081Z] [INFO] 正在加载环境变量...
[2025-05-05T09:14:52.084Z] [INFO] 环境变量加载完成
[2025-05-05T09:14:52.084Z] [INFO] 初始化API客户端...
[2025-05-05T09:14:52.084Z] [INFO] API客户端初始化完成
[2025-05-05T09:14:52.084Z] [INFO] 🚀 开始自动部署流程...
[2025-05-05T09:14:52.085Z] [INFO] 📋 运行预部署检查...
[2025-05-05T09:14:52.114Z] [INFO] 预部署检查通过
[2025-05-05T09:14:52.114Z] [INFO] 📤 推送代码到GitHub...
[2025-05-05T09:16:15.653Z] [INFO] 正在加载环境变量...
[2025-05-05T09:16:15.656Z] [INFO] 环境变量加载完成
[2025-05-05T09:16:15.656Z] [INFO] 初始化API客户端...
[2025-05-05T09:16:15.657Z] [INFO] API客户端初始化完成
[2025-05-05T09:16:15.657Z] [INFO] 🚀 开始自动部署流程...
[2025-05-05T09:16:15.657Z] [INFO] 📋 运行预部署检查...
[2025-05-05T09:16:15.685Z] [INFO] 预部署检查通过
[2025-05-05T09:16:15.685Z] [INFO] 📤 推送代码到GitHub...
[2025-05-05T09:17:00.850Z] [ERROR] GitHub推送失败
[2025-05-05T09:17:00.852Z] [ERROR] 部署错误: {
  "message": "Command failed: git push origin main",
  "stack": "Error: Command failed: git push origin main\n    at genericNodeError (node:internal/errors:983:15)\n    at wrappedFn (node:internal/errors:537:14)\n    at checkExecSyncError (node:child_process:882:11)\n    at execSync (node:child_process:954:15)\n    at AutoDeployer.pushToGithub (/Users/bruno2025/Documents/iProjects/coloringpage3/auto-deploy.js:101:7)\n    at AutoDeployer.deploy (/Users/bruno2025/Documents/iProjects/coloringpage3/auto-deploy.js:65:18)",
  "timestamp": "2025-05-05T09:17:00.852Z"
}
[2025-05-05T09:17:00.853Z] [ERROR] 部署过程中出现错误
[2025-05-05T09:17:00.853Z] [ERROR] 部署错误: {
  "message": "Command failed: git push origin main",
  "stack": "Error: Command failed: git push origin main\n    at genericNodeError (node:internal/errors:983:15)\n    at wrappedFn (node:internal/errors:537:14)\n    at checkExecSyncError (node:child_process:882:11)\n    at execSync (node:child_process:954:15)\n    at AutoDeployer.pushToGithub (/Users/bruno2025/Documents/iProjects/coloringpage3/auto-deploy.js:101:7)\n    at AutoDeployer.deploy (/Users/bruno2025/Documents/iProjects/coloringpage3/auto-deploy.js:65:18)",
  "timestamp": "2025-05-05T09:17:00.853Z"
}
[2025-05-05T09:17:51.290Z] [INFO] 正在加载环境变量...
[2025-05-05T09:17:51.293Z] [INFO] 环境变量加载完成
[2025-05-05T09:17:51.293Z] [INFO] 初始化API客户端...
[2025-05-05T09:17:51.294Z] [INFO] API客户端初始化完成
[2025-05-05T09:17:51.294Z] [INFO] 🚀 开始自动部署流程...
[2025-05-05T09:17:51.295Z] [INFO] 📋 运行预部署检查...
[2025-05-05T09:17:51.358Z] [INFO] 预部署检查通过
[2025-05-05T09:17:51.360Z] [INFO] 📤 推送代码到GitHub...
[2025-05-05T09:17:51.439Z] [ERROR] GitHub推送失败
[2025-05-05T09:17:51.439Z] [ERROR] 部署错误: {
  "message": "Command failed: git commit -m \"自动部署: 更新代码\"",
  "stack": "Error: Command failed: git commit -m \"自动部署: 更新代码\"\n    at genericNodeError (node:internal/errors:983:15)\n    at wrappedFn (node:internal/errors:537:14)\n    at checkExecSyncError (node:child_process:882:11)\n    at execSync (node:child_process:954:15)\n    at AutoDeployer.pushToGithub (/Users/bruno2025/Documents/iProjects/coloringpage3/auto-deploy.js:100:7)\n    at AutoDeployer.deploy (/Users/bruno2025/Documents/iProjects/coloringpage3/auto-deploy.js:65:18)",
  "timestamp": "2025-05-05T09:17:51.439Z"
}
[2025-05-05T09:17:51.440Z] [ERROR] 部署过程中出现错误
[2025-05-05T09:17:51.440Z] [ERROR] 部署错误: {
  "message": "Command failed: git commit -m \"自动部署: 更新代码\"",
  "stack": "Error: Command failed: git commit -m \"自动部署: 更新代码\"\n    at genericNodeError (node:internal/errors:983:15)\n    at wrappedFn (node:internal/errors:537:14)\n    at checkExecSyncError (node:child_process:882:11)\n    at execSync (node:child_process:954:15)\n    at AutoDeployer.pushToGithub (/Users/bruno2025/Documents/iProjects/coloringpage3/auto-deploy.js:100:7)\n    at AutoDeployer.deploy (/Users/bruno2025/Documents/iProjects/coloringpage3/auto-deploy.js:65:18)",
  "timestamp": "2025-05-05T09:17:51.440Z"
}
[2025-05-05T09:26:35.680Z] [INFO] 正在加载环境变量...
[2025-05-05T09:26:35.682Z] [ERROR] 缺少环境变量 FAL_API_KEY
[2025-05-05T09:29:45.478Z] [INFO] 已从 deploy-env.js 加载环境变量配置
[2025-05-05T09:29:45.481Z] [INFO] 正在加载环境变量...
[2025-05-05T09:29:45.481Z] [INFO] 环境变量加载完成
[2025-05-05T09:29:45.481Z] [INFO] 初始化API客户端...
[2025-05-05T09:29:45.481Z] [INFO] API客户端初始化完成
[2025-05-05T09:29:45.481Z] [INFO] 🚀 开始自动部署流程...
[2025-05-05T09:29:45.482Z] [INFO] 📋 运行预部署检查...
[2025-05-05T09:29:45.510Z] [INFO] 预部署检查通过
[2025-05-05T09:29:45.511Z] [INFO] 📤 推送代码到GitHub...
[2025-05-05T09:30:09.855Z] [ERROR] GitHub推送失败
[2025-05-05T09:30:09.856Z] [ERROR] 部署错误: {
  "message": "Command failed: git push origin main",
  "stack": "Error: Command failed: git push origin main\n    at genericNodeError (node:internal/errors:983:15)\n    at wrappedFn (node:internal/errors:537:14)\n    at checkExecSyncError (node:child_process:882:11)\n    at execSync (node:child_process:954:15)\n    at AutoDeployer.pushToGithub (/Users/bruno2025/Documents/iProjects/coloringpage3/auto-deploy.js:120:7)\n    at AutoDeployer.deploy (/Users/bruno2025/Documents/iProjects/coloringpage3/auto-deploy.js:84:18)",
  "timestamp": "2025-05-05T09:30:09.856Z"
}
[2025-05-05T09:30:09.857Z] [ERROR] 部署过程中出现错误
[2025-05-05T09:30:09.857Z] [ERROR] 部署错误: {
  "message": "Command failed: git push origin main",
  "stack": "Error: Command failed: git push origin main\n    at genericNodeError (node:internal/errors:983:15)\n    at wrappedFn (node:internal/errors:537:14)\n    at checkExecSyncError (node:child_process:882:11)\n    at execSync (node:child_process:954:15)\n    at AutoDeployer.pushToGithub (/Users/bruno2025/Documents/iProjects/coloringpage3/auto-deploy.js:120:7)\n    at AutoDeployer.deploy (/Users/bruno2025/Documents/iProjects/coloringpage3/auto-deploy.js:84:18)",
  "timestamp": "2025-05-05T09:30:09.857Z"
}
[2025-05-06 18:39:35] INFO: 检查环境依赖...
[2025-05-06 18:39:35] INFO: Node.js版本: v22.14.0
[2025-05-06 18:39:35] INFO: npm版本: 10.9.2
[2025-05-06 18:39:35] INFO: Git版本: git version 2.39.5 (Apple Git-154)
[2025-05-06 18:39:35] SUCCESS: 环境依赖检查完成
[2025-05-06 18:39:35] INFO: 安装必要的包...
[2025-05-06 18:39:35] ERROR: 未找到命令: vercel
[2025-05-06 18:39:35] INFO: Vercel CLI已安装
[2025-05-06 18:39:35] INFO: 安装部署脚本依赖...
[2025-05-06 18:39:36] SUCCESS: 依赖安装完成
[2025-05-06 18:39:36] INFO: 检查Vercel登录状态...
[2025-05-06 18:39:38] SUCCESS: 已登录Vercel
[2025-05-06 18:39:38] INFO: 检查项目链接...
[2025-05-06 18:39:38] SUCCESS: 项目已链接到Vercel
[2025-05-06 18:39:43] INFO: 执行一次性部署...
[2025-05-06 18:39:43] INFO: 构建项目...
[2025-05-06 18:39:47] SUCCESS: 项目构建成功
[2025-05-06 18:39:47] INFO: 部署到Vercel生产环境...
[2025-05-06 18:40:26] SUCCESS: 项目部署成功
[2025-05-07 11:49:10] INFO: 检查环境依赖...
[2025-05-07 11:49:10] INFO: Node.js版本: v22.14.0
[2025-05-07 11:49:11] INFO: npm版本: 10.9.2
[2025-05-07 11:49:11] INFO: Git版本: git version 2.39.5 (Apple Git-154)
[2025-05-07 11:49:11] SUCCESS: 环境依赖检查完成
[2025-05-07 11:49:11] INFO: 安装必要的包...
[2025-05-07 11:49:11] ERROR: 未找到命令: vercel
[2025-05-07 11:49:11] INFO: Vercel CLI已安装
[2025-05-07 11:49:11] INFO: 安装部署脚本依赖...
[2025-05-07 11:49:13] SUCCESS: 依赖安装完成
[2025-05-07 11:49:13] INFO: 检查Vercel登录状态...
[2025-05-07 11:49:14] SUCCESS: 已登录Vercel
[2025-05-07 11:49:14] INFO: 检查项目链接...
[2025-05-07 11:49:14] SUCCESS: 项目已链接到Vercel
[2025-05-07 11:49:47] INFO: 启动自动部署服务...
[2025-05-07 11:50:17] INFO: 检查环境依赖...
[2025-05-07 11:50:17] INFO: Node.js版本: v22.14.0
[2025-05-07 11:50:17] INFO: npm版本: 10.9.2
[2025-05-07 11:50:17] INFO: Git版本: git version 2.39.5 (Apple Git-154)
[2025-05-07 11:50:17] SUCCESS: 环境依赖检查完成
[2025-05-07 11:50:17] INFO: 安装必要的包...
[2025-05-07 11:50:17] ERROR: 未找到命令: vercel
[2025-05-07 11:50:17] INFO: Vercel CLI已安装
[2025-05-07 11:50:17] INFO: 安装部署脚本依赖...
[2025-05-07 11:50:19] SUCCESS: 依赖安装完成
[2025-05-07 11:50:19] INFO: 检查Vercel登录状态...
[2025-05-07 11:50:20] SUCCESS: 已登录Vercel
[2025-05-07 11:50:20] INFO: 检查项目链接...
[2025-05-07 11:50:20] SUCCESS: 项目已链接到Vercel
[2025-05-07 11:50:23] INFO: 执行一次性部署...
[2025-05-07 11:50:23] INFO: 构建项目...
[2025-05-07 11:50:30] SUCCESS: 项目构建成功
[2025-05-07 11:50:30] INFO: 部署到Vercel生产环境...
[2025-05-07 11:51:11] SUCCESS: 项目部署成功
[2025-05-07 12:12:37] INFO: 检查环境依赖...
[2025-05-07 12:12:37] INFO: Node.js版本: v22.14.0
[2025-05-07 12:12:37] INFO: npm版本: 10.9.2
[2025-05-07 12:12:37] INFO: Git版本: git version 2.39.5 (Apple Git-154)
[2025-05-07 12:12:37] SUCCESS: 环境依赖检查完成
[2025-05-07 12:12:37] INFO: 安装必要的包...
[2025-05-07 12:12:37] ERROR: 未找到命令: vercel
[2025-05-07 12:12:37] INFO: Vercel CLI已安装
[2025-05-07 12:12:37] INFO: 安装部署脚本依赖...
[2025-05-07 12:12:39] SUCCESS: 依赖安装完成
[2025-05-07 12:12:39] INFO: 检查Vercel登录状态...
[2025-05-07 12:12:40] SUCCESS: 已登录Vercel
[2025-05-07 12:12:40] INFO: 检查项目链接...
[2025-05-07 12:12:40] SUCCESS: 项目已链接到Vercel
[2025-05-07 12:12:45] INFO: 执行一次性部署...
[2025-05-07 12:12:45] INFO: 构建项目...
[2025-05-07 12:12:52] SUCCESS: 项目构建成功
[2025-05-07 12:12:52] INFO: 部署到Vercel生产环境...
[2025-05-07 12:13:28] SUCCESS: 项目部署成功
[2025-05-07 12:21:17] INFO: 检查环境依赖...
[2025-05-07 12:21:17] INFO: Node.js版本: v22.14.0
[2025-05-07 12:21:17] INFO: npm版本: 10.9.2
[2025-05-07 12:21:17] INFO: Git版本: git version 2.39.5 (Apple Git-154)
[2025-05-07 12:21:17] SUCCESS: 环境依赖检查完成
[2025-05-07 12:21:17] INFO: 安装必要的包...
[2025-05-07 12:21:17] ERROR: 未找到命令: vercel
[2025-05-07 12:21:17] INFO: Vercel CLI已安装
[2025-05-07 12:21:17] INFO: 安装部署脚本依赖...
[2025-05-07 12:21:19] SUCCESS: 依赖安装完成
[2025-05-07 12:21:19] INFO: 检查Vercel登录状态...
[2025-05-07 12:21:20] SUCCESS: 已登录Vercel
[2025-05-07 12:21:20] INFO: 检查项目链接...
[2025-05-07 12:21:20] SUCCESS: 项目已链接到Vercel
[2025-05-07 12:21:29] INFO: 执行一次性部署...
[2025-05-07 12:21:29] INFO: 构建项目...
[2025-05-07 12:21:36] SUCCESS: 项目构建成功
[2025-05-07 12:21:36] INFO: 部署到Vercel生产环境...
[2025-05-07 12:22:17] SUCCESS: 项目部署成功
[2025-05-07 12:43:09] INFO: 检查环境依赖...
[2025-05-07 12:43:09] INFO: Node.js版本: v22.14.0
[2025-05-07 12:43:09] INFO: npm版本: 10.9.2
[2025-05-07 12:43:09] INFO: Git版本: git version 2.39.5 (Apple Git-154)
[2025-05-07 12:43:09] SUCCESS: 环境依赖检查完成
[2025-05-07 12:43:09] INFO: 安装必要的包...
[2025-05-07 12:43:09] ERROR: 未找到命令: vercel
[2025-05-07 12:43:09] INFO: Vercel CLI已安装
[2025-05-07 12:43:09] INFO: 安装部署脚本依赖...
[2025-05-07 12:43:11] SUCCESS: 依赖安装完成
[2025-05-07 12:43:11] INFO: 检查Vercel登录状态...
[2025-05-07 12:43:12] SUCCESS: 已登录Vercel
[2025-05-07 12:43:12] INFO: 检查项目链接...
[2025-05-07 12:43:12] SUCCESS: 项目已链接到Vercel
[2025-05-07 12:43:34] INFO: 执行一次性部署...
[2025-05-07 12:43:34] INFO: 构建项目...
[2025-05-07 12:43:40] SUCCESS: 项目构建成功
[2025-05-07 12:43:40] INFO: 部署到Vercel生产环境...
[2025-05-07 12:44:27] SUCCESS: 项目部署成功
[2025-05-07 12:55:56] INFO: 检查环境依赖...
[2025-05-07 12:55:56] INFO: Node.js版本: v22.14.0
[2025-05-07 12:55:56] INFO: npm版本: 10.9.2
[2025-05-07 12:55:56] INFO: Git版本: git version 2.39.5 (Apple Git-154)
[2025-05-07 12:55:56] SUCCESS: 环境依赖检查完成
[2025-05-07 12:55:56] INFO: 安装必要的包...
[2025-05-07 12:55:56] ERROR: 未找到命令: vercel
[2025-05-07 12:55:56] INFO: Vercel CLI已安装
[2025-05-07 12:55:56] INFO: 安装部署脚本依赖...
[2025-05-07 12:55:58] SUCCESS: 依赖安装完成
[2025-05-07 12:55:58] INFO: 检查Vercel登录状态...
[2025-05-07 12:55:59] SUCCESS: 已登录Vercel
[2025-05-07 12:55:59] INFO: 检查项目链接...
[2025-05-07 12:55:59] SUCCESS: 项目已链接到Vercel
[2025-05-07 12:56:21] INFO: 执行一次性部署...
[2025-05-07 12:56:21] INFO: 构建项目...
[2025-05-07 12:56:29] SUCCESS: 项目构建成功
[2025-05-07 12:56:29] INFO: 部署到Vercel生产环境...
[2025-05-07 12:58:27] SUCCESS: 项目部署成功
[2025-05-07 13:09:37] INFO: 检查环境依赖...
[2025-05-07 13:09:37] INFO: Node.js版本: v22.14.0
[2025-05-07 13:09:38] INFO: npm版本: 10.9.2
[2025-05-07 13:09:38] INFO: Git版本: git version 2.39.5 (Apple Git-154)
[2025-05-07 13:09:38] SUCCESS: 环境依赖检查完成
[2025-05-07 13:09:38] INFO: 安装必要的包...
[2025-05-07 13:09:38] ERROR: 未找到命令: vercel
[2025-05-07 13:09:38] INFO: Vercel CLI已安装
[2025-05-07 13:09:38] INFO: 安装部署脚本依赖...
[2025-05-07 13:09:40] SUCCESS: 依赖安装完成
[2025-05-07 13:09:40] INFO: 检查Vercel登录状态...
[2025-05-07 13:09:41] SUCCESS: 已登录Vercel
[2025-05-07 13:09:41] INFO: 检查项目链接...
[2025-05-07 13:09:41] SUCCESS: 项目已链接到Vercel
[2025-05-07 13:09:43] INFO: 执行一次性部署...
[2025-05-07 13:09:43] INFO: 构建项目...
[2025-05-07 13:09:50] SUCCESS: 项目构建成功
[2025-05-07 13:09:50] INFO: 部署到Vercel生产环境...
[2025-05-07 13:10:25] SUCCESS: 项目部署成功
[2025-05-07 16:29:40] INFO: 检查环境依赖...
[2025-05-07 16:29:40] INFO: Node.js版本: v22.14.0
[2025-05-07 16:29:40] INFO: npm版本: 10.9.2
[2025-05-07 16:29:40] INFO: Git版本: git version 2.39.5 (Apple Git-154)
[2025-05-07 16:29:40] SUCCESS: 环境依赖检查完成
[2025-05-07 16:29:40] INFO: 安装必要的包...
[2025-05-07 16:29:40] ERROR: 未找到命令: vercel
[2025-05-07 16:29:40] INFO: Vercel CLI已安装
[2025-05-07 16:29:40] INFO: 安装部署脚本依赖...
[2025-05-07 16:29:41] SUCCESS: 依赖安装完成
[2025-05-07 16:29:41] INFO: 检查Vercel登录状态...
[2025-05-07 16:29:45] SUCCESS: 已登录Vercel
[2025-05-07 16:29:45] INFO: 检查项目链接...
[2025-05-07 16:29:45] SUCCESS: 项目已链接到Vercel
[2025-05-07 16:29:49] INFO: 执行一次性部署...
[2025-05-07 16:29:49] INFO: 构建项目...
[2025-05-07 16:30:11] SUCCESS: 项目构建成功
[2025-05-07 16:30:11] INFO: 部署到Vercel生产环境...
[2025-05-07 16:31:16] SUCCESS: 项目部署成功
[2025-05-07 16:39:39] INFO: 检查环境依赖...
[2025-05-07 16:39:39] INFO: Node.js版本: v22.14.0
[2025-05-07 16:39:39] INFO: npm版本: 10.9.2
[2025-05-07 16:39:39] INFO: Git版本: git version 2.39.5 (Apple Git-154)
[2025-05-07 16:39:39] SUCCESS: 环境依赖检查完成
[2025-05-07 16:39:39] INFO: 安装必要的包...
[2025-05-07 16:39:39] ERROR: 未找到命令: vercel
[2025-05-07 16:39:39] INFO: Vercel CLI已安装
[2025-05-07 16:39:39] INFO: 安装部署脚本依赖...
[2025-05-07 16:39:42] SUCCESS: 依赖安装完成
[2025-05-07 16:39:42] INFO: 检查Vercel登录状态...
[2025-05-07 16:39:48] SUCCESS: 已登录Vercel
[2025-05-07 16:39:48] INFO: 检查项目链接...
[2025-05-07 16:39:48] SUCCESS: 项目已链接到Vercel
[2025-05-07 16:40:23] INFO: 执行一次性部署...
[2025-05-07 16:40:23] INFO: 构建项目...
[2025-05-07 16:40:30] SUCCESS: 项目构建成功
[2025-05-07 16:40:30] INFO: 部署到Vercel生产环境...
[2025-05-07 16:41:28] SUCCESS: 项目部署成功
[2025-05-07 18:09:22] INFO: 检查环境依赖...
[2025-05-07 18:09:22] INFO: Node.js版本: v22.14.0
[2025-05-07 18:09:22] INFO: npm版本: 10.9.2
[2025-05-07 18:09:22] INFO: Git版本: git version 2.39.5 (Apple Git-154)
[2025-05-07 18:09:22] SUCCESS: 环境依赖检查完成
[2025-05-07 18:09:22] INFO: 安装必要的包...
[2025-05-07 18:09:22] ERROR: 未找到命令: vercel
[2025-05-07 18:09:22] INFO: Vercel CLI已安装
[2025-05-07 18:09:22] INFO: 安装部署脚本依赖...
[2025-05-07 18:09:23] SUCCESS: 依赖安装完成
[2025-05-07 18:09:23] INFO: 检查Vercel登录状态...
[2025-05-07 18:09:24] SUCCESS: 已登录Vercel
[2025-05-07 18:09:24] INFO: 检查项目链接...
[2025-05-07 18:09:24] SUCCESS: 项目已链接到Vercel
[2025-05-07 18:09:29] INFO: 执行一次性部署...
[2025-05-07 18:09:29] INFO: 构建项目...
[2025-05-07 18:09:34] SUCCESS: 项目构建成功
[2025-05-07 18:09:34] INFO: 部署到Vercel生产环境...
[2025-05-07 18:10:16] SUCCESS: 项目部署成功
[2025-05-07 18:29:48] INFO: 检查环境依赖...
[2025-05-07 18:29:48] INFO: Node.js版本: v22.14.0
[2025-05-07 18:29:48] INFO: npm版本: 10.9.2
[2025-05-07 18:29:48] INFO: Git版本: git version 2.39.5 (Apple Git-154)
[2025-05-07 18:29:48] SUCCESS: 环境依赖检查完成
[2025-05-07 18:29:48] INFO: 安装必要的包...
[2025-05-07 18:29:48] ERROR: 未找到命令: vercel
[2025-05-07 18:29:48] INFO: Vercel CLI已安装
[2025-05-07 18:29:48] INFO: 安装部署脚本依赖...
[2025-05-07 18:29:49] SUCCESS: 依赖安装完成
[2025-05-07 18:29:49] INFO: 检查Vercel登录状态...
[2025-05-07 18:29:50] SUCCESS: 已登录Vercel
[2025-05-07 18:29:50] INFO: 检查项目链接...
[2025-05-07 18:29:50] SUCCESS: 项目已链接到Vercel
[2025-05-07 18:29:53] INFO: 执行一次性部署...
[2025-05-07 18:29:53] INFO: 构建项目...
[2025-05-07 18:29:59] SUCCESS: 项目构建成功
[2025-05-07 18:29:59] INFO: 部署到Vercel生产环境...
[2025-05-07 18:30:45] SUCCESS: 项目部署成功
[2025-05-07 18:38:40] INFO: 检查环境依赖...
[2025-05-07 18:38:40] INFO: Node.js版本: v22.14.0
[2025-05-07 18:38:40] INFO: npm版本: 10.9.2
[2025-05-07 18:38:40] INFO: Git版本: git version 2.39.5 (Apple Git-154)
[2025-05-07 18:38:40] SUCCESS: 环境依赖检查完成
[2025-05-07 18:38:40] INFO: 安装必要的包...
[2025-05-07 18:38:40] ERROR: 未找到命令: vercel
[2025-05-07 18:38:40] INFO: Vercel CLI已安装
[2025-05-07 18:38:40] INFO: 安装部署脚本依赖...
[2025-05-07 18:38:41] SUCCESS: 依赖安装完成
[2025-05-07 18:38:41] INFO: 检查Vercel登录状态...
[2025-05-07 18:38:42] SUCCESS: 已登录Vercel
[2025-05-07 18:38:42] INFO: 检查项目链接...
[2025-05-07 18:38:42] SUCCESS: 项目已链接到Vercel
[2025-05-07 18:38:45] INFO: 执行一次性部署...
[2025-05-07 18:38:45] INFO: 构建项目...
[2025-05-07 18:38:52] SUCCESS: 项目构建成功
[2025-05-07 18:38:52] INFO: 部署到Vercel生产环境...
[2025-05-07 18:38:56] ERROR: 部署失败
[2025-05-07 18:39:44] INFO: 检查环境依赖...
[2025-05-07 18:39:44] INFO: Node.js版本: v22.14.0
[2025-05-07 18:39:44] INFO: npm版本: 10.9.2
[2025-05-07 18:39:44] INFO: Git版本: git version 2.39.5 (Apple Git-154)
[2025-05-07 18:39:44] SUCCESS: 环境依赖检查完成
[2025-05-07 18:39:44] INFO: 安装必要的包...
[2025-05-07 18:39:44] ERROR: 未找到命令: vercel
[2025-05-07 18:39:44] INFO: Vercel CLI已安装
[2025-05-07 18:39:44] INFO: 安装部署脚本依赖...
[2025-05-07 18:39:45] SUCCESS: 依赖安装完成
[2025-05-07 18:39:45] INFO: 检查Vercel登录状态...
[2025-05-07 18:39:46] SUCCESS: 已登录Vercel
[2025-05-07 18:39:46] INFO: 检查项目链接...
[2025-05-07 18:39:46] SUCCESS: 项目已链接到Vercel
[2025-05-07 18:39:59] INFO: 执行一次性部署...
[2025-05-07 18:39:59] INFO: 构建项目...
[2025-05-07 18:40:07] SUCCESS: 项目构建成功
[2025-05-07 18:40:07] INFO: 部署到Vercel生产环境...
[2025-05-07 18:40:54] SUCCESS: 项目部署成功
[2025-05-07 18:48:59] INFO: 检查环境依赖...
[2025-05-07 18:48:59] INFO: Node.js版本: v22.14.0
[2025-05-07 18:48:59] INFO: npm版本: 10.9.2
[2025-05-07 18:48:59] INFO: Git版本: git version 2.39.5 (Apple Git-154)
[2025-05-07 18:48:59] SUCCESS: 环境依赖检查完成
[2025-05-07 18:48:59] INFO: 安装必要的包...
[2025-05-07 18:48:59] ERROR: 未找到命令: vercel
[2025-05-07 18:48:59] INFO: Vercel CLI已安装
[2025-05-07 18:48:59] INFO: 安装部署脚本依赖...
[2025-05-07 18:49:00] SUCCESS: 依赖安装完成
[2025-05-07 18:49:00] INFO: 检查Vercel登录状态...
[2025-05-07 18:49:01] SUCCESS: 已登录Vercel
[2025-05-07 18:49:01] INFO: 检查项目链接...
[2025-05-07 18:49:01] SUCCESS: 项目已链接到Vercel
[2025-05-07 18:49:08] INFO: 执行一次性部署...
[2025-05-07 18:49:08] INFO: 构建项目...
[2025-05-07 18:49:16] SUCCESS: 项目构建成功
[2025-05-07 18:49:16] INFO: 部署到Vercel生产环境...
[2025-05-07 18:49:20] ERROR: 部署失败
