----------------------------------------
Starting Pinterest Automation: Wed Dec 10 10:10:55 CST 2025

> aicoloringpage@0.1.0 pinterest
> tsx scripts/pinterest-poster.ts

[dotenv@17.2.3] injecting env (7) from .env.local -- tip: 👥 sync secrets across teammates & machines: https://dotenvx.com/ops
Starting Pinterest Auto-Poster (Web App Logic)...
🌱 WARMUP PHASE (Day 6/60)
🎯 Daily Target: 20 Pins (Randomized between 10-20)
Processing [185/15488]: Rabbit Coloring Page for Toddlers
  - Generating image...
  - Style: REALISTIC
  - Uploading to Supabase...
  - Posting to Pinterest...
  - Posting to Pinterest...
  - Updating Supabase DB...
  - Success! ✅
  - Waiting 58s (Safety Jitter)...
Processing [186/15488]: Rabbit Coloring Page for Preschoolers
  - Generating image...
  - Style: FANTASY
  - Uploading to Supabase...
  - Posting to Pinterest...
  - Posting to Pinterest...
  - Updating Supabase DB...
  - Success! ✅
  - Waiting 60s (Safety Jitter)...
----------------------------------------
Starting Pinterest Automation: Wed Dec 10 10:12:26 CST 2025

> aicoloringpage@0.1.0 pinterest
> tsx scripts/pinterest-poster.ts

[dotenv@17.2.3] injecting env (7) from .env.local -- tip: 🔄 add secrets lifecycle management: https://dotenvx.com/ops
Starting Pinterest Auto-Poster (Web App Logic)...
🌱 WARMUP PHASE (Day 6/60)
🎯 Daily Target: 18 Pins (Randomized between 10-20)
Processing [187/15488]: Rabbit Coloring Page for Kindergarteners
  - Generating image...
  - Style: INTRICATE
  - Uploading to Supabase...
  - Posting to Pinterest...
  - Posting to Pinterest...
  - Updating Supabase DB...
  - Success! ✅
  - Waiting 66s (Safety Jitter)...
Processing [187/15488]: Rabbit Coloring Page for Kindergarteners
  - Generating image...
  - Style: FANTASY
  - Uploading to Supabase...
  - Posting to Pinterest...
  - Posting to Pinterest...
  - Updating Supabase DB...
  - Success! ✅
  - Waiting 57s (Safety Jitter)...
Processing [188/15488]: Rabbit Coloring Page for Teens
  - Generating image...
  - Style: FANTASY
  - Uploading to Supabase...
  - Posting to Pinterest...
  - Posting to Pinterest...
  - Updating Supabase DB...
  - Success! ✅
  - Waiting 55s (Safety Jitter)...
Processing [188/15488]: Rabbit Coloring Page for Teens
  - Generating image...
  - Style: KAWAII
  - Uploading to Supabase...
  - Posting to Pinterest...
  - Posting to Pinterest...
  - Updating Supabase DB...
  - Success! ✅
  - Waiting 59s (Safety Jitter)...
Processing [189/15488]: Rabbit Coloring Page for Boys
  - Generating image...
  - Style: ABSTRACT
  - Uploading to Supabase...
  - Posting to Pinterest...
  - Posting to Pinterest...
  - Updating Supabase DB...
  - Success! ✅
  - Waiting 50s (Safety Jitter)...
Processing [189/15488]: Rabbit Coloring Page for Boys
  - Generating image...
  - Style: INTRICATE
  - Uploading to Supabase...
  - Posting to Pinterest...
  - Posting to Pinterest...
  - Updating Supabase DB...
  - Success! ✅
  - Waiting 56s (Safety Jitter)...
Processing [190/15488]: Rabbit Coloring Page for Girls
  - Generating image...
  - Style: FANTASY
  - Uploading to Supabase...
  - Posting to Pinterest...
  - Posting to Pinterest...
  - Updating Supabase DB...
  - Success! ✅
  - Waiting 48s (Safety Jitter)...
Processing [190/15488]: Rabbit Coloring Page for Girls
  - Generating image...
  - Style: KAWAII
Processing [191/15488]: Rabbit Coloring Page for Men
  - Generating image...
  - Style: STAINED-GLASS
  - Uploading to Supabase...
  - Posting to Pinterest...
  - Posting to Pinterest...
  - Updating Supabase DB...
  - Uploading to Supabase...
  - Success! ✅
  - Waiting 69s (Safety Jitter)...
  - Posting to Pinterest...
  - Posting to Pinterest...
  - Updating Supabase DB...
  - Success! ✅
  - Waiting 50s (Safety Jitter)...
Processing [192/15488]: Rabbit Coloring Page for Women
  - Generating image...
  - Style: STAINED-GLASS
  - Uploading to Supabase...
  - Posting to Pinterest...
  - Posting to Pinterest...
Processing [191/15488]: Rabbit Coloring Page for Men
  - Generating image...
  - Style: ABSTRACT
  - Updating Supabase DB...
  - Success! ✅
  - Waiting 66s (Safety Jitter)...
  - Uploading to Supabase...
  - Posting to Pinterest...
  - Posting to Pinterest...
  - Updating Supabase DB...
  - Success! ✅
  - Waiting 63s (Safety Jitter)...
Processing [193/15488]: Rabbit Coloring Page for Seniors
  - Generating image...
  - Style: REALISTIC
  - Uploading to Supabase...
Processing [192/15488]: Rabbit Coloring Page for Women
  - Generating image...
  - Style: REALISTIC
  - Failed: Error: Upload failed: fetch failed
  - Waiting 20s after error...
  - Uploading to Supabase...
  - Posting to Pinterest...
  - Posting to Pinterest...
  - Updating Supabase DB...
  - Success! ✅
  - Waiting 51s (Safety Jitter)...
Processing [194/15488]: Rabbit Coloring Page for Beginners
  - Generating image...
  - Style: REALISTIC
  - Uploading to Supabase...
  - Posting to Pinterest...
  - Posting to Pinterest...
  - Updating Supabase DB...
  - Success! ✅
  - Waiting 67s (Safety Jitter)...
Processing [193/15488]: Rabbit Coloring Page for Seniors
  - Generating image...
  - Style: REALISTIC
  - Uploading to Supabase...
  - Posting to Pinterest...
  - Posting to Pinterest...
  - Updating Supabase DB...
  - Success! ✅
  - Waiting 67s (Safety Jitter)...
Processing [195/15488]: Rabbit Coloring Page for Intermediates
  - Generating image...
  - Style: INTRICATE
  - Uploading to Supabase...
  - Posting to Pinterest...
  - Posting to Pinterest...
  - Updating Supabase DB...
  - Success! ✅
  - Waiting 57s (Safety Jitter)...
Processing [194/15488]: Rabbit Coloring Page for Beginners
  - Generating image...
  - Style: ABSTRACT
  - Uploading to Supabase...
  - Posting to Pinterest...
  - Posting to Pinterest...
  - Updating Supabase DB...
  - Success! ✅
  - Waiting 52s (Safety Jitter)...
Processing [196/15488]: Rabbit Coloring Page for Experts
  - Generating image...
  - Style: REALISTIC
  - Uploading to Supabase...
  - Posting to Pinterest...
  - Posting to Pinterest...
  - Updating Supabase DB...
  - Success! ✅
  - Waiting 55s (Safety Jitter)...
Processing [195/15488]: Rabbit Coloring Page for Intermediates
  - Generating image...
  - Style: INTRICATE
  - Uploading to Supabase...
  - Posting to Pinterest...
  - Posting to Pinterest...
  - Updating Supabase DB...
  - Success! ✅
  - Waiting 74s (Safety Jitter)...
Processing [197/15488]: Horse Coloring Page for Kids
  - Generating image...
  - Style: INTRICATE
  - Uploading to Supabase...
  - Posting to Pinterest...
  - Posting to Pinterest...
  - Updating Supabase DB...
  - Success! ✅
  - Waiting 54s (Safety Jitter)...
Processing [196/15488]: Rabbit Coloring Page for Experts
  - Generating image...
  - Style: ABSTRACT
  - Uploading to Supabase...
  - Posting to Pinterest...
  - Posting to Pinterest...
  - Updating Supabase DB...
  - Success! ✅
  - Waiting 70s (Safety Jitter)...
Processing [198/15488]: Horse Coloring Page for Adults
  - Generating image...
  - Style: ABSTRACT
  - Uploading to Supabase...
  - Posting to Pinterest...
  - Posting to Pinterest...
  - Updating Supabase DB...
  - Success! ✅
  - Waiting 51s (Safety Jitter)...
Processing [197/15488]: Horse Coloring Page for Kids
  - Generating image...
  - Style: ABSTRACT
Processing [199/15488]: Horse Coloring Page for Toddlers
  - Generating image...
  - Style: ABSTRACT
  - Failed: TypeError: fetch failed
  - Waiting 20s after error...
  - Uploading to Supabase...
  - Posting to Pinterest...
  - Posting to Pinterest...
  - Updating Supabase DB...
  - Success! ✅
  - Waiting 65s (Safety Jitter)...
Processing [200/15488]: Horse Coloring Page for Preschoolers
  - Generating image...
  - Style: REALISTIC
  - Uploading to Supabase...
  - Posting to Pinterest...
  - Posting to Pinterest...
  - Updating Supabase DB...
  - Success! ✅
  - Waiting 71s (Safety Jitter)...
Processing [198/15488]: Horse Coloring Page for Adults
  - Generating image...
  - Style: FANTASY
  - Uploading to Supabase...
  - Posting to Pinterest...
  - Posting to Pinterest...
  - Updating Supabase DB...
  - Success! ✅
  - Waiting 59s (Safety Jitter)...
Processing [201/15488]: Horse Coloring Page for Kindergarteners
  - Generating image...
  - Style: FANTASY
  - Uploading to Supabase...
  - Posting to Pinterest...
  - Posting to Pinterest...
  - Updating Supabase DB...
  - Success! ✅
  - Waiting 59s (Safety Jitter)...
Processing [199/15488]: Horse Coloring Page for Toddlers
  - Generating image...
  - Style: INTRICATE
  - Uploading to Supabase...
  - Posting to Pinterest...
  - Posting to Pinterest...
  - Updating Supabase DB...
  - Success! ✅
  - Waiting 55s (Safety Jitter)...
Processing [202/15488]: Horse Coloring Page for Teens
  - Generating image...
  - Style: ABSTRACT
  - Uploading to Supabase...
  - Posting to Pinterest...
  - Posting to Pinterest...
  - Updating Supabase DB...
  - Success! ✅
  - Waiting 58s (Safety Jitter)...
